 
****************************************
Report : area
Design : uart_tx_top
Version: K-2015.06
Date   : Sun Sep  7 20:03:08 2025
****************************************

Library(s) Used:

    scmetro_tsmc_cl013g_rvt_ss_1p08v_125c (File: /home/IC/Assignments/Ass_Syn_2.0/std_cells/scmetro_tsmc_cl013g_rvt_ss_1p08v_125c.db)

Number of ports:                           60
Number of nets:                           124
Number of cells:                           66
Number of combinational cells:             45
Number of sequential cells:                17
Number of macros/black boxes:               0
Number of buf/inv:                          7
Number of references:                       4

Combinational area:                427.142103
Buf/Inv area:                       42.361201
Noncombinational area:             400.078001
Macro/Black Box area:                0.000000
Net Interconnect area:           24500.123596

Total cell area:                   827.220104
Total area:                      25327.343700

Hierarchical area distribution
------------------------------

                                  Global cell area          Local cell area
                                  ------------------  --------------------------- 
Hierarchical cell                 Absolute   Percent  Combi-    Noncombi-  Black-
                                  Total      Total    national  national   boxes   Design
--------------------------------  ---------  -------  --------  ---------  ------  -----------
uart_tx_top                        827.2201    100.0    0.0000     0.0000  0.0000  uart_tx_top
fsm1                               171.7982     20.8   87.0758    84.7224  0.0000  uart_fsm
m1                                  36.4777      4.4   36.4777     0.0000  0.0000  mux
p1                                 127.0836     15.4  101.1962    25.8874  0.0000  parity_calc
s1                                 491.8606     59.5  202.3924   289.4682  0.0000  serializer
--------------------------------  ---------  -------  --------  ---------  ------  -----------
Total                                                 427.1421   400.0780  0.0000

1
