Loading db file '/home/IC/Assignments/Ass_Syn_2.0/std_cells/scmetro_tsmc_cl013g_rvt_ss_1p08v_125c.db'
Information: Propagating switching activity (low effort zero delay simulation). (PWR-6)
Warning: Design has unannotated primary inputs. (PWR-414)
Warning: Design has unannotated sequential cell outputs. (PWR-415)
 
****************************************
Report : power
        -hier
        -analysis_effort low
Design : uart_tx_top
Version: K-2015.06
Date   : Sun Sep  7 20:03:09 2025
****************************************


Library(s) Used:

    scmetro_tsmc_cl013g_rvt_ss_1p08v_125c (File: /home/IC/Assignments/Ass_Syn_2.0/std_cells/scmetro_tsmc_cl013g_rvt_ss_1p08v_125c.db)


Operating Conditions: scmetro_tsmc_cl013g_rvt_ss_1p08v_125c   Library: scmetro_tsmc_cl013g_rvt_ss_1p08v_125c
Wire Load Model Mode: top

Design        Wire Load Model            Library
------------------------------------------------
uart_tx_top            tsmc13_wl30       scmetro_tsmc_cl013g_rvt_ss_1p08v_125c


Global Operating Voltage = 1.08 
Power-specific unit information :
    Voltage Units = 1V
    Capacitance Units = 1.000000pf
    Time Units = 1ns
    Dynamic Power Units = 1mW    (derived from V,C,T units)
    Leakage Power Units = 1pW


--------------------------------------------------------------------------------
                                       Switch   Int      Leak     Total
Hierarchy                              Power    Power    Power    Power    %
--------------------------------------------------------------------------------
uart_tx_top                            3.87e-05 4.11e-05 5.04e+05 5.84e-04 100.0
  m1 (mux)                             8.18e-06 6.40e-07 2.41e+04 3.30e-05   5.6
  fsm1 (uart_fsm)                      9.85e-06 8.24e-06 1.17e+05 1.35e-04  23.1
  p1 (parity_calc)                     4.92e-06 4.70e-06 1.02e+05 1.12e-04  19.2
  s1 (serializer)                      1.57e-05 2.75e-05 2.60e+05 3.04e-04  52.0
1
